SF:lib\module\http\view\http_screen.dart
DA:8,1
DA:9,0
DA:10,0
DA:16,0
DA:18,0
DA:19,0
DA:22,0
DA:24,0
DA:25,0
DA:26,0
DA:27,0
DA:28,0
DA:32,0
DA:33,0
DA:34,0
DA:35,0
DA:36,0
DA:37,0
DA:38,0
DA:53,0
LF:20
LH:1
end_of_record
SF:lib\module\makemytrip\buzz_screen.dart
DA:4,1
DA:6,0
DA:7,0
DA:34,0
DA:36,0
DA:37,0
DA:40,0
DA:56,0
DA:57,0
DA:58,0
DA:59,0
DA:61,0
DA:64,0
DA:65,0
DA:70,0
DA:74,0
DA:75,0
DA:77,0
DA:78,0
DA:83,0
DA:87,0
DA:90,0
DA:91,0
DA:98,0
DA:111,0
DA:112,0
DA:114,0
DA:115,0
DA:116,0
DA:119,0
DA:120,0
DA:123,0
DA:124,0
DA:132,0
DA:133,0
DA:135,0
DA:136,0
DA:142,0
DA:143,0
DA:144,0
DA:145,0
DA:146,0
DA:147,0
DA:149,0
DA:150,0
DA:159,0
DA:161,0
DA:162,0
DA:178,0
DA:179,0
DA:180,0
DA:183,0
DA:184,0
LF:53
LH:1
end_of_record
SF:lib\module\route\route.dart
DA:30,1
DA:31,1
DA:32,1
DA:38,0
DA:39,0
DA:40,0
DA:46,0
DA:47,0
DA:48,0
DA:54,0
DA:55,0
DA:56,0
DA:62,0
DA:63,0
DA:64,0
DA:70,0
DA:71,0
DA:72,0
DA:78,0
DA:79,0
DA:80,0
LF:21
LH:3
end_of_record
SF:lib\module\signup\view\signup_view.dart
DA:16,2
DA:18,1
DA:20,1
DA:37,1
DA:39,1
DA:40,1
DA:43,1
DA:45,1
DA:46,1
DA:47,1
DA:49,1
DA:58,1
DA:59,1
DA:60,1
DA:61,1
DA:62,1
DA:70,1
DA:78,1
DA:79,1
DA:80,0
DA:81,0
DA:82,0
DA:84,0
DA:85,0
DA:87,0
DA:88,0
DA:89,0
DA:95,4
DA:101,1
DA:102,1
DA:103,1
DA:104,1
DA:108,0
DA:109,0
DA:110,0
DA:111,0
DA:112,0
DA:113,0
DA:115,0
DA:116,0
DA:117,0
DA:118,0
DA:119,0
DA:121,0
DA:126,0
DA:127,0
DA:128,0
DA:133,1
DA:134,1
DA:136,1
DA:137,1
DA:140,1
DA:147,1
DA:148,1
DA:150,1
DA:151,2
DA:153,1
DA:154,1
DA:167,0
DA:168,0
DA:176,1
DA:177,1
DA:178,1
DA:180,1
DA:181,2
DA:195,0
DA:196,0
DA:204,1
DA:205,1
DA:207,1
DA:220,0
DA:221,0
DA:229,1
DA:230,1
DA:231,1
DA:232,1
DA:234,1
DA:236,1
DA:237,0
DA:238,0
DA:239,0
DA:242,2
DA:252,1
DA:256,0
DA:258,0
DA:261,0
DA:263,0
LF:87
LH:51
end_of_record
SF:lib\module\tutorial\view\tutorial_screen.dart
DA:10,2
DA:12,1
DA:14,1
DA:26,1
DA:28,1
DA:29,1
DA:32,1
DA:34,1
DA:35,2
DA:36,1
DA:39,1
DA:40,2
DA:43,1
DA:44,2
DA:47,1
DA:48,1
DA:50,1
DA:51,1
DA:56,1
DA:57,2
DA:63,1
DA:64,1
DA:65,1
DA:66,2
DA:71,1
DA:72,2
DA:73,1
DA:74,1
DA:75,1
DA:78,1
DA:80,1
DA:81,1
DA:82,1
DA:83,1
DA:84,1
DA:86,1
DA:88,1
DA:90,1
DA:92,4
DA:93,3
DA:94,1
DA:95,1
DA:98,1
DA:103,1
DA:104,1
DA:105,3
DA:118,1
DA:119,1
DA:122,1
DA:125,1
DA:126,1
DA:127,3
DA:129,1
DA:130,3
DA:137,1
DA:138,3
DA:144,5
DA:150,1
DA:151,1
DA:152,1
DA:153,1
DA:154,2
DA:155,2
DA:156,2
DA:157,1
DA:158,1
LF:66
LH:66
end_of_record
SF:lib\module\demo\screen_1.dart
DA:30,1
DA:32,0
DA:33,0
DA:37,0
DA:39,0
DA:40,0
DA:42,0
DA:44,0
DA:50,0
DA:51,0
DA:52,0
LF:11
LH:1
end_of_record
SF:lib\module\demo\screen_2.dart
DA:26,1
DA:28,0
DA:29,0
DA:33,0
DA:35,0
DA:36,0
DA:38,0
DA:40,0
DA:46,0
DA:47,0
DA:48,0
LF:11
LH:1
end_of_record
SF:lib\module\demo\screen_3.dart
DA:5,1
DA:7,0
DA:8,0
DA:12,0
DA:14,0
DA:15,0
DA:17,0
DA:19,0
DA:25,0
DA:26,0
DA:27,0
DA:28,0
DA:29,0
LF:13
LH:1
end_of_record
SF:lib\module\demo\screen_4.dart
DA:5,1
DA:7,0
DA:8,0
DA:12,0
DA:14,0
DA:15,0
DA:17,0
DA:19,0
DA:25,0
DA:26,0
DA:27,0
DA:28,0
DA:30,0
LF:13
LH:1
end_of_record
SF:lib\module\demo\screen_5.dart
DA:5,1
DA:7,0
DA:8,0
DA:12,0
DA:14,0
DA:15,0
DA:17,0
DA:19,0
DA:25,0
DA:26,0
DA:28,0
DA:29,0
LF:12
LH:1
end_of_record
SF:lib\module\http\controller\http_bloc.dart
DA:10,0
DA:12,0
DA:15,0
DA:16,0
DA:17,0
DA:18,0
DA:19,0
DA:20,0
DA:22,0
DA:23,0
DA:24,0
DA:25,0
DA:27,0
DA:35,0
DA:36,0
DA:38,0
LF:16
LH:0
end_of_record
SF:lib\module\http\model\http_model.dart
DA:8,0
DA:17,0
DA:23,0
DA:24,0
DA:25,0
DA:26,0
DA:27,0
DA:28,0
LF:8
LH:0
end_of_record
SF:lib\module\signup\view_model\signup_model.dart
DA:4,1
DA:11,0
LF:2
LH:1
end_of_record
SF:lib\util\bloc\block.dart
DA:7,3
DA:8,2
DA:10,1
DA:11,2
DA:12,4
DA:17,0
DA:18,0
DA:19,0
DA:20,0
DA:24,0
DA:25,0
LF:11
LH:5
end_of_record
SF:lib\util\bloc\block_builder.dart
DA:9,1
DA:13,1
DA:15,1
DA:17,1
DA:18,2
DA:19,2
DA:20,1
DA:21,2
LF:8
LH:8
end_of_record
SF:lib\module\signup\controller\signup_bloc.dart
DA:7,1
DA:9,1
DA:12,0
DA:13,0
DA:14,0
DA:16,0
DA:18,0
DA:19,0
DA:20,0
DA:21,0
DA:24,0
DA:25,0
DA:28,0
DA:29,0
DA:30,0
DA:33,0
DA:34,0
DA:35,0
DA:36,0
DA:37,0
DA:42,0
DA:43,0
DA:44,0
DA:46,0
LF:24
LH:2
end_of_record
SF:lib\util\custom_widget\snackbar.dart
DA:4,0
DA:8,0
DA:9,0
DA:11,0
DA:13,0
LF:5
LH:0
end_of_record
SF:lib\module\tutorial\model\tutorial_model.dart
DA:9,1
DA:17,3
DA:18,1
DA:23,1
DA:28,1
DA:33,1
DA:38,1
LF:7
LH:7
end_of_record
SF:lib\module\tutorial\view\widgets\indicator_item.dart
DA:5,1
DA:6,1
DA:8,1
DA:11,1
DA:13,1
DA:14,1
DA:15,1
LF:7
LH:7
end_of_record
SF:lib\util\sharedPreference\shared_pref.dart
DA:4,3
DA:5,1
DA:6,0
DA:10,0
DA:11,0
DA:14,1
DA:15,1
DA:18,0
DA:19,0
DA:24,0
DA:25,0
DA:28,1
DA:29,2
LF:13
LH:6
end_of_record
